This is pdfTeX, Version 3.141592653-2.6-1.40.24 (TeX Live 2022) (preloaded format=pdflatex 2023.2.8)  10 APR 2024 21:41
entering extended mode
 restricted \write18 enabled.
 %&-line parsing enabled.
**Lab2-latex.tex
(./Lab2-latex.tex
LaTeX2e <2021-11-15> patch level 1
L3 programming layer <2022-02-24>
(d:/Application/texlive/2022/texmf-dist/tex/latex/ieeetran/IEEEtran.cls
Document Class: IEEEtran 2015/08/26 V1.8b by Michael Shell
-- See the "IEEEtran_HOWTO" manual for usage information.
-- http://www.michaelshell.org/tex/ieeetran/
\@IEEEtrantmpdimenA=\dimen138
\@IEEEtrantmpdimenB=\dimen139
\@IEEEtrantmpdimenC=\dimen140
\@IEEEtrantmpcountA=\count185
\@IEEEtrantmpcountB=\count186
\@IEEEtrantmpcountC=\count187
\@IEEEtrantmptoksA=\toks16
LaTeX Font Info:    Trying to load font information for OT1+ptm on input line 5
03.
(d:/Application/texlive/2022/texmf-dist/tex/latex/psnfss/ot1ptm.fd
File: ot1ptm.fd 2001/06/04 font definitions for OT1/ptm.
)
-- Using 8.5in x 11in (letter) paper.
-- Using PDF output.
\@IEEEnormalsizeunitybaselineskip=\dimen141
-- This is a 10 point document.
\CLASSINFOnormalsizebaselineskip=\dimen142
\CLASSINFOnormalsizeunitybaselineskip=\dimen143
\IEEEnormaljot=\dimen144
LaTeX Font Info:    Font shape `OT1/ptm/bx/n' in size <5> not available
(Font)              Font shape `OT1/ptm/b/n' tried instead on input line 1090.
LaTeX Font Info:    Font shape `OT1/ptm/bx/it' in size <5> not available
(Font)              Font shape `OT1/ptm/b/it' tried instead on input line 1090.

LaTeX Font Info:    Font shape `OT1/ptm/bx/n' in size <7> not available
(Font)              Font shape `OT1/ptm/b/n' tried instead on input line 1090.
LaTeX Font Info:    Font shape `OT1/ptm/bx/it' in size <7> not available
(Font)              Font shape `OT1/ptm/b/it' tried instead on input line 1090.

LaTeX Font Info:    Font shape `OT1/ptm/bx/n' in size <8> not available
(Font)              Font shape `OT1/ptm/b/n' tried instead on input line 1090.
LaTeX Font Info:    Font shape `OT1/ptm/bx/it' in size <8> not available
(Font)              Font shape `OT1/ptm/b/it' tried instead on input line 1090.

LaTeX Font Info:    Font shape `OT1/ptm/bx/n' in size <9> not available
(Font)              Font shape `OT1/ptm/b/n' tried instead on input line 1090.
LaTeX Font Info:    Font shape `OT1/ptm/bx/it' in size <9> not available
(Font)              Font shape `OT1/ptm/b/it' tried instead on input line 1090.

LaTeX Font Info:    Font shape `OT1/ptm/bx/n' in size <10> not available
(Font)              Font shape `OT1/ptm/b/n' tried instead on input line 1090.
LaTeX Font Info:    Font shape `OT1/ptm/bx/it' in size <10> not available
(Font)              Font shape `OT1/ptm/b/it' tried instead on input line 1090.

LaTeX Font Info:    Font shape `OT1/ptm/bx/n' in size <11> not available
(Font)              Font shape `OT1/ptm/b/n' tried instead on input line 1090.
LaTeX Font Info:    Font shape `OT1/ptm/bx/it' in size <11> not available
(Font)              Font shape `OT1/ptm/b/it' tried instead on input line 1090.

LaTeX Font Info:    Font shape `OT1/ptm/bx/n' in size <12> not available
(Font)              Font shape `OT1/ptm/b/n' tried instead on input line 1090.
LaTeX Font Info:    Font shape `OT1/ptm/bx/it' in size <12> not available
(Font)              Font shape `OT1/ptm/b/it' tried instead on input line 1090.

LaTeX Font Info:    Font shape `OT1/ptm/bx/n' in size <17> not available
(Font)              Font shape `OT1/ptm/b/n' tried instead on input line 1090.
LaTeX Font Info:    Font shape `OT1/ptm/bx/it' in size <17> not available
(Font)              Font shape `OT1/ptm/b/it' tried instead on input line 1090.

LaTeX Font Info:    Font shape `OT1/ptm/bx/n' in size <20> not available
(Font)              Font shape `OT1/ptm/b/n' tried instead on input line 1090.
LaTeX Font Info:    Font shape `OT1/ptm/bx/it' in size <20> not available
(Font)              Font shape `OT1/ptm/b/it' tried instead on input line 1090.

LaTeX Font Info:    Font shape `OT1/ptm/bx/n' in size <24> not available
(Font)              Font shape `OT1/ptm/b/n' tried instead on input line 1090.
LaTeX Font Info:    Font shape `OT1/ptm/bx/it' in size <24> not available
(Font)              Font shape `OT1/ptm/b/it' tried instead on input line 1090.

\IEEEquantizedlength=\dimen145
\IEEEquantizedlengthdiff=\dimen146
\IEEEquantizedtextheightdiff=\dimen147
\IEEEilabelindentA=\dimen148
\IEEEilabelindentB=\dimen149
\IEEEilabelindent=\dimen150
\IEEEelabelindent=\dimen151
\IEEEdlabelindent=\dimen152
\IEEElabelindent=\dimen153
\IEEEiednormlabelsep=\dimen154
\IEEEiedmathlabelsep=\dimen155
\IEEEiedtopsep=\skip47
\c@section=\count188
\c@subsection=\count189
\c@subsubsection=\count190
\c@paragraph=\count191
\c@IEEEsubequation=\count192
\abovecaptionskip=\skip48
\belowcaptionskip=\skip49
\c@figure=\count193
\c@table=\count194
\@IEEEeqnnumcols=\count195
\@IEEEeqncolcnt=\count196
\@IEEEsubeqnnumrollback=\count197
\@IEEEquantizeheightA=\dimen156
\@IEEEquantizeheightB=\dimen157
\@IEEEquantizeheightC=\dimen158
\@IEEEquantizeprevdepth=\dimen159
\@IEEEquantizemultiple=\count198
\@IEEEquantizeboxA=\box50
\@IEEEtmpitemindent=\dimen160
\IEEEPARstartletwidth=\dimen161
\c@IEEEbiography=\count199
\@IEEEtranrubishbin=\box51
) (d:/Application/texlive/2022/texmf-dist/tex/latex/amsmath/amsmath.sty
Package: amsmath 2021/10/15 v2.17l AMS math features
\@mathmargin=\skip50

For additional information on amsmath, use the `?' option.
(d:/Application/texlive/2022/texmf-dist/tex/latex/amsmath/amstext.sty
Package: amstext 2021/08/26 v2.01 AMS text

(d:/Application/texlive/2022/texmf-dist/tex/latex/amsmath/amsgen.sty
File: amsgen.sty 1999/11/30 v2.0 generic functions
\@emptytoks=\toks17
\ex@=\dimen162
))
(d:/Application/texlive/2022/texmf-dist/tex/latex/amsmath/amsbsy.sty
Package: amsbsy 1999/11/29 v1.2d Bold Symbols
\pmbraise@=\dimen163
)
(d:/Application/texlive/2022/texmf-dist/tex/latex/amsmath/amsopn.sty
Package: amsopn 2021/08/26 v2.02 operator names
)
\inf@bad=\count266
LaTeX Info: Redefining \frac on input line 234.
\uproot@=\count267
\leftroot@=\count268
LaTeX Info: Redefining \overline on input line 399.
\classnum@=\count269
\DOTSCASE@=\count270
LaTeX Info: Redefining \ldots on input line 496.
LaTeX Info: Redefining \dots on input line 499.
LaTeX Info: Redefining \cdots on input line 620.
\Mathstrutbox@=\box52
\strutbox@=\box53
\big@size=\dimen164
LaTeX Font Info:    Redeclaring font encoding OML on input line 743.
LaTeX Font Info:    Redeclaring font encoding OMS on input line 744.
\macc@depth=\count271
\c@MaxMatrixCols=\count272
\dotsspace@=\muskip16
\c@parentequation=\count273
\dspbrk@lvl=\count274
\tag@help=\toks18
\row@=\count275
\column@=\count276
\maxfields@=\count277
\andhelp@=\toks19
\eqnshift@=\dimen165
\alignsep@=\dimen166
\tagshift@=\dimen167
\tagwidth@=\dimen168
\totwidth@=\dimen169
\lineht@=\dimen170
\@envbody=\toks20
\multlinegap=\skip51
\multlinetaggap=\skip52
\mathdisplay@stack=\toks21
LaTeX Info: Redefining \[ on input line 2938.
LaTeX Info: Redefining \] on input line 2939.
)
(d:/Application/texlive/2022/texmf-dist/tex/latex/amsfonts/amsfonts.sty
Package: amsfonts 2013/01/14 v3.01 Basic AMSFonts support
\symAMSa=\mathgroup4
\symAMSb=\mathgroup5
LaTeX Font Info:    Redeclaring math symbol \hbar on input line 98.
LaTeX Font Info:    Overwriting math alphabet `\mathfrak' in version `bold'
(Font)                  U/euf/m/n --> U/euf/b/n on input line 106.
)
(d:/Application/texlive/2022/texmf-dist/tex/latex/algorithms/algorithmic.sty
Package: algorithmic 2009/08/24 v0.1 Document Style `algorithmic'

(d:/Application/texlive/2022/texmf-dist/tex/latex/base/ifthen.sty
Package: ifthen 2020/11/24 v1.1c Standard LaTeX ifthen package (DPC)
)
(d:/Application/texlive/2022/texmf-dist/tex/latex/graphics/keyval.sty
Package: keyval 2014/10/28 v1.15 key=value parser (DPC)
\KV@toks@=\toks22
)
\c@ALC@unique=\count278
\c@ALC@line=\count279
\c@ALC@rem=\count280
\c@ALC@depth=\count281
\ALC@tlm=\skip53
\algorithmicindent=\skip54
)
(d:/Application/texlive/2022/texmf-dist/tex/latex/algorithms/algorithm.sty
Package: algorithm 2009/08/24 v0.1 Document Style `algorithm' - floating enviro
nment

(d:/Application/texlive/2022/texmf-dist/tex/latex/float/float.sty
Package: float 2001/11/08 v1.3d Float enhancements (AL)
\c@float@type=\count282
\float@exts=\toks23
\float@box=\box54
\@float@everytoks=\toks24
\@floatcapt=\box55
)
\@float@every@algorithm=\toks25
\c@algorithm=\count283
)
(d:/Application/texlive/2022/texmf-dist/tex/latex/tools/array.sty
Package: array 2021/10/04 v2.5f Tabular extension package (FMi)
\col@sep=\dimen171
\ar@mcellbox=\box56
\extrarowheight=\dimen172
\NC@list=\toks26
\extratabsurround=\skip55
\backup@length=\skip56
\ar@cellbox=\box57
)
(d:/Application/texlive/2022/texmf-dist/tex/latex/subfig/subfig.sty
Package: subfig 2005/06/28 ver: 1.3 subfig package

(d:/Application/texlive/2022/texmf-dist/tex/latex/caption/caption3.sty
Package: caption3 2022/03/17 v2.3b caption3 kernel (AR)
\caption@tempdima=\dimen173
\captionmargin=\dimen174
\caption@leftmargin=\dimen175
\caption@rightmargin=\dimen176
\caption@width=\dimen177
\caption@indent=\dimen178
\caption@parindent=\dimen179
\caption@hangindent=\dimen180
Package caption Info: Unknown document class (or package),
(caption)             standard defaults will be used.
Package caption Info: \@makecaption = \long macro:#1#2->\ifx \@captype \@IEEEta
blestring \footnotesize \bgroup \par \centering \@IEEEtabletopskipstrut {\norma
lfont \footnotesize #1}\\{\normalfont \footnotesize \scshape #2}\par \addvspace
 {0.5\baselineskip }\egroup \@IEEEtablecaptionsepspace \else \@IEEEfigurecaptio
nsepspace \setbox \@tempboxa \hbox {\normalfont \footnotesize {#1.}\nobreakspac
e \nobreakspace #2}\ifdim \wd \@tempboxa >\hsize \setbox \@tempboxa \hbox {\nor
malfont \footnotesize {#1.}\nobreakspace \nobreakspace }\parbox [t]{\hsize }{\n
ormalfont \footnotesize \noindent \unhbox \@tempboxa #2}\else \ifCLASSOPTIONcon
ference \hbox to\hsize {\normalfont \footnotesize \hfil \box \@tempboxa \hfil }
\else \hbox to\hsize {\normalfont \footnotesize \box \@tempboxa \hfil }\fi \fi 
\fi  on input line 1176.
)
\c@KVtest=\count284
\sf@farskip=\skip57
\sf@captopadj=\dimen181
\sf@capskip=\skip58
\sf@nearskip=\skip59
\c@subfigure=\count285
\c@subfigure@save=\count286
\c@lofdepth=\count287
\c@subtable=\count288
\c@subtable@save=\count289
\c@lotdepth=\count290
\sf@top=\skip60
\sf@bottom=\skip61
)
(d:/Application/texlive/2022/texmf-dist/tex/latex/base/textcomp.sty
Package: textcomp 2020/02/02 v2.0n Standard LaTeX package
)
(d:/Application/texlive/2022/texmf-dist/tex/latex/sttools/stfloats.sty
Package: stfloats 2017/03/27 v3.3 Improve float mechanism and baselineskip sett
ings
\@dblbotnum=\count291
\c@dblbotnumber=\count292
)
(d:/Application/texlive/2022/texmf-dist/tex/latex/url/url.sty
\Urlmuskip=\muskip17
Package: url 2013/09/16  ver 3.4  Verb mode for urls, etc.
)
(d:/Application/texlive/2022/texmf-dist/tex/latex/tools/verbatim.sty
Package: verbatim 2020-07-07 v1.5u LaTeX2e package for verbatim enhancements
\every@verbatim=\toks27
\verbatim@line=\toks28
\verbatim@in@stream=\read2
)
(d:/Application/texlive/2022/texmf-dist/tex/latex/graphics/graphicx.sty
Package: graphicx 2021/09/16 v1.2d Enhanced LaTeX Graphics (DPC,SPQR)

(d:/Application/texlive/2022/texmf-dist/tex/latex/graphics/graphics.sty
Package: graphics 2021/03/04 v1.4d Standard LaTeX Graphics (DPC,SPQR)

(d:/Application/texlive/2022/texmf-dist/tex/latex/graphics/trig.sty
Package: trig 2021/08/11 v1.11 sin cos tan (DPC)
)
(d:/Application/texlive/2022/texmf-dist/tex/latex/graphics-cfg/graphics.cfg
File: graphics.cfg 2016/06/04 v1.11 sample graphics configuration
)
Package graphics Info: Driver file: pdftex.def on input line 107.

(d:/Application/texlive/2022/texmf-dist/tex/latex/graphics-def/pdftex.def
File: pdftex.def 2020/10/05 v1.2a Graphics/color driver for pdftex
))
\Gin@req@height=\dimen182
\Gin@req@width=\dimen183
)
(d:/Application/texlive/2022/texmf-dist/tex/latex/cite/cite.sty
LaTeX Info: Redefining \cite on input line 302.
LaTeX Info: Redefining \nocite on input line 332.
Package: cite 2015/02/27  v 5.5
)
(d:/Application/texlive/2022/texmf-dist/tex/latex/multirow/multirow.sty
Package: multirow 2021/03/15 v2.8 Span multiple rows of a table
\multirow@colwidth=\skip62
\multirow@cntb=\count293
\multirow@dima=\skip63
\bigstrutjot=\dimen184
)
(d:/Application/texlive/2022/texmf-dist/tex/latex/booktabs/booktabs.sty
Package: booktabs 2020/01/12 v1.61803398 Publication quality tables
\heavyrulewidth=\dimen185
\lightrulewidth=\dimen186
\cmidrulewidth=\dimen187
\belowrulesep=\dimen188
\belowbottomsep=\dimen189
\aboverulesep=\dimen190
\abovetopsep=\dimen191
\cmidrulesep=\dimen192
\cmidrulekern=\dimen193
\defaultaddspace=\dimen194
\@cmidla=\count294
\@cmidlb=\count295
\@aboverulesep=\dimen195
\@belowrulesep=\dimen196
\@thisruleclass=\count296
\@lastruleclass=\count297
\@thisrulewidth=\dimen197
)
(d:/Application/texlive/2022/texmf-dist/tex/latex/caption/caption.sty
Package: caption 2022/03/01 v3.6b Customizing captions (AR)


Package caption Warning: Unknown document class (or package),
(caption)                standard defaults will be used.
See the caption package documentation for explanation.

\c@caption@flags=\count298
\c@continuedfloat=\count299
Package caption Info: float package is loaded.
) (d:/Application/texlive/2022/texmf-dist/tex/latex/xcolor/xcolor.sty
Package: xcolor 2021/10/31 v2.13 LaTeX color extensions (UK)

(d:/Application/texlive/2022/texmf-dist/tex/latex/graphics-cfg/color.cfg
File: color.cfg 2016/01/02 v1.6 sample color configuration
)
Package xcolor Info: Driver file: pdftex.def on input line 227.
Package xcolor Info: Model `cmy' substituted by `cmy0' on input line 1352.
Package xcolor Info: Model `hsb' substituted by `rgb' on input line 1356.
Package xcolor Info: Model `RGB' extended on input line 1368.
Package xcolor Info: Model `HTML' substituted by `rgb' on input line 1370.
Package xcolor Info: Model `Hsb' substituted by `hsb' on input line 1371.
Package xcolor Info: Model `tHsb' substituted by `hsb' on input line 1372.
Package xcolor Info: Model `HSB' substituted by `hsb' on input line 1373.
Package xcolor Info: Model `Gray' substituted by `gray' on input line 1374.
Package xcolor Info: Model `wave' substituted by `hsb' on input line 1375.

(d:/Application/texlive/2022/texmf-dist/tex/latex/graphics/dvipsnam.def
File: dvipsnam.def 2016/06/17 v3.0m Driver-dependent file (DPC,SPQR)
))
(d:/Application/texlive/2022/texmf-dist/tex/latex/listings/listings.sty
\lst@mode=\count300
\lst@gtempboxa=\box58
\lst@token=\toks29
\lst@length=\count301
\lst@currlwidth=\dimen198
\lst@column=\count302
\lst@pos=\count303
\lst@lostspace=\dimen199
\lst@width=\dimen256
\lst@newlines=\count304
\lst@lineno=\count305
\lst@maxwidth=\dimen257

(d:/Application/texlive/2022/texmf-dist/tex/latex/listings/lstmisc.sty
File: lstmisc.sty 2020/03/24 1.8d (Carsten Heinz)
\c@lstnumber=\count306
\lst@skipnumbers=\count307
\lst@framebox=\box59
)
(d:/Application/texlive/2022/texmf-dist/tex/latex/listings/listings.cfg
File: listings.cfg 2020/03/24 1.8d listings configuration
))
Package: listings 2020/03/24 1.8d (Carsten Heinz)

(./mcode.sty
-- Package: `mcode' 2.7 <2015/11/11> --
Package: mcode 2015/11/11 2.7
 - settings optimized for display (colour formating)
 - line numbering enabled
 - literate programming (character replacements) enabled
 - automatic line breaking enabled (careful, buggy!)
 - framed listings
\lbreakdots=\box60
LaTeX Font Info:    Trying to load font information for OT1+pcr on input line 2
30.
(d:/Application/texlive/2022/texmf-dist/tex/latex/psnfss/ot1pcr.fd
File: ot1pcr.fd 2001/06/04 font definitions for OT1/pcr.
))
(d:/Application/texlive/2022/texmf-dist/tex/latex/l3backend/l3backend-pdftex.de
f
File: l3backend-pdftex.def 2022-02-07 L3 backend support: PDF output (pdfTeX)
\l__color_backend_stack_int=\count308
\l__pdf_internal_box=\box61
)

LaTeX Warning: Unused global option(s):
    [lettersize].

(./Lab2-latex.aux

LaTeX Warning: Label `tab:addlabel' multiply defined.


LaTeX Warning: Label `tab:addlabel' multiply defined.


LaTeX Warning: Label `fig_2' multiply defined.


LaTeX Warning: Label `fig_2' multiply defined.


LaTeX Warning: Label `fig_4' multiply defined.


LaTeX Warning: Label `fig_2' multiply defined.


LaTeX Warning: Label `fig_4' multiply defined.


LaTeX Warning: Label `fig_2' multiply defined.


LaTeX Warning: Label `fig_2' multiply defined.


LaTeX Warning: Label `fig_2' multiply defined.


LaTeX Warning: Label `fig_2' multiply defined.


LaTeX Warning: Label `fig_2' multiply defined.


LaTeX Warning: Label `fig_2' multiply defined.


LaTeX Warning: Label `fig_2' multiply defined.


LaTeX Warning: Label `fig_2' multiply defined.


LaTeX Warning: Label `fig_2' multiply defined.


LaTeX Warning: Label `fig_2' multiply defined.


LaTeX Warning: Label `fig_2' multiply defined.


LaTeX Warning: Label `fig_2' multiply defined.

)
\openout1 = `Lab2-latex.aux'.

LaTeX Font Info:    Checking defaults for OML/cmm/m/it on input line 31.
LaTeX Font Info:    ... okay on input line 31.
LaTeX Font Info:    Checking defaults for OMS/cmsy/m/n on input line 31.
LaTeX Font Info:    ... okay on input line 31.
LaTeX Font Info:    Checking defaults for OT1/cmr/m/n on input line 31.
LaTeX Font Info:    ... okay on input line 31.
LaTeX Font Info:    Checking defaults for T1/cmr/m/n on input line 31.
LaTeX Font Info:    ... okay on input line 31.
LaTeX Font Info:    Checking defaults for TS1/cmr/m/n on input line 31.
LaTeX Font Info:    ... okay on input line 31.
LaTeX Font Info:    Checking defaults for OMX/cmex/m/n on input line 31.
LaTeX Font Info:    ... okay on input line 31.
LaTeX Font Info:    Checking defaults for U/cmr/m/n on input line 31.
LaTeX Font Info:    ... okay on input line 31.

-- Lines per column: 58 (exact).
Package caption Info: Begin \AtBeginDocument code.
Package caption Info: subfig package v1.3 is loaded.
Package caption Info: listings package is loaded.
Package caption Info: End \AtBeginDocument code.
(d:/Application/texlive/2022/texmf-dist/tex/context/base/mkii/supp-pdf.mkii
[Loading MPS to PDF converter (version 2006.09.02).]
\scratchcounter=\count309
\scratchdimen=\dimen258
\scratchbox=\box62
\nofMPsegments=\count310
\nofMParguments=\count311
\everyMPshowfont=\toks30
\MPscratchCnt=\count312
\MPscratchDim=\dimen259
\MPnumerator=\count313
\makeMPintoPDFobject=\count314
\everyMPtoPDFconversion=\toks31
)
(d:/Application/texlive/2022/texmf-dist/tex/latex/epstopdf-pkg/epstopdf-base.st
y
Package: epstopdf-base 2020-01-24 v2.11 Base part for package epstopdf
 (d:/Application/texlive/2022/texmf-dist/tex/generic/infwarerr/infwarerr.sty
Package: infwarerr 2019/12/03 v1.5 Providing info/warning/error messages (HO)
)
(d:/Application/texlive/2022/texmf-dist/tex/latex/grfext/grfext.sty
Package: grfext 2019/12/03 v1.3 Manage graphics extensions (HO)

(d:/Application/texlive/2022/texmf-dist/tex/generic/kvdefinekeys/kvdefinekeys.s
ty
Package: kvdefinekeys 2019-12-19 v1.6 Define keys (HO)
)) (d:/Application/texlive/2022/texmf-dist/tex/latex/kvoptions/kvoptions.sty
Package: kvoptions 2020-10-07 v3.14 Key value format for package options (HO)

(d:/Application/texlive/2022/texmf-dist/tex/generic/ltxcmds/ltxcmds.sty
Package: ltxcmds 2020-05-10 v1.25 LaTeX kernel commands for general use (HO)
)
(d:/Application/texlive/2022/texmf-dist/tex/generic/kvsetkeys/kvsetkeys.sty
Package: kvsetkeys 2019/12/15 v1.18 Key value parser (HO)
))
(d:/Application/texlive/2022/texmf-dist/tex/generic/pdftexcmds/pdftexcmds.sty
Package: pdftexcmds 2020-06-27 v0.33 Utility functions of pdfTeX for LuaTeX (HO
)

(d:/Application/texlive/2022/texmf-dist/tex/generic/iftex/iftex.sty
Package: iftex 2022/02/03 v1.0f TeX engine tests
)
Package pdftexcmds Info: \pdf@primitive is available.
Package pdftexcmds Info: \pdf@ifprimitive is available.
Package pdftexcmds Info: \pdfdraftmode found.
)
Package epstopdf-base Info: Redefining graphics rule for `.eps' on input line 4
85.
Package grfext Info: Graphics extension search list:
(grfext)             [.pdf,.png,.jpg,.mps,.jpeg,.jbig2,.jb2,.PDF,.PNG,.JPG,.JPE
G,.JBIG2,.JB2,.eps]
(grfext)             \AppendGraphicsExtensions on input line 504.

(d:/Application/texlive/2022/texmf-dist/tex/latex/latexconfig/epstopdf-sys.cfg
File: epstopdf-sys.cfg 2010/07/13 v1.3 Configuration of (r)epstopdf for TeX Liv
e
))
\c@lstlisting=\count315
LaTeX Font Info:    Trying to load font information for U+msa on input line 74.

 (d:/Application/texlive/2022/texmf-dist/tex/latex/amsfonts/umsa.fd
File: umsa.fd 2013/01/14 v3.01 AMS symbols A
)
LaTeX Font Info:    Trying to load font information for U+msb on input line 74.


(d:/Application/texlive/2022/texmf-dist/tex/latex/amsfonts/umsb.fd
File: umsb.fd 2013/01/14 v3.01 AMS symbols B
) [1{d:/Application/texlive/2022/texmf-var/fonts/map/pdftex/updmap/pdftex.map}


]
LaTeX Font Info:    Trying to load font information for TS1+pcr on input line 1
14.

(d:/Application/texlive/2022/texmf-dist/tex/latex/psnfss/ts1pcr.fd
File: ts1pcr.fd 2001/06/04 font definitions for TS1/pcr.
)
LaTeX Font Info:    Trying to load font information for TS1+ptm on input line 1
49.

(d:/Application/texlive/2022/texmf-dist/tex/latex/psnfss/ts1ptm.fd
File: ts1ptm.fd 2001/06/04 font definitions for TS1/ptm.
)
<t1-gen.png, id=13, 632.3625pt x 474.27188pt>
File: t1-gen.png Graphic file (type png)
<use t1-gen.png>
Package pdftex.def Info: t1-gen.png  used on input line 152.
(pdftex.def)             Requested size: 258.0pt x 193.5047pt.

Overfull \hbox (6.0pt too wide) in paragraph at lines 152--154
 [][] 
 []

<t1-ans.png, id=14, 927.465pt x 397.485pt>
File: t1-ans.png Graphic file (type png)
<use t1-ans.png>
Package pdftex.def Info: t1-ans.png  used on input line 160.
(pdftex.def)             Requested size: 258.0pt x 110.57329pt.

Overfull \hbox (6.0pt too wide) in paragraph at lines 160--162
 [][] 
 []

[2 <./t1-gen.png (PNG copy)> <./t1-ans.png (PNG copy)>] [3]
<t1-loadratio.png, id=26, 455.7025pt x 482.80376pt>
File: t1-loadratio.png Graphic file (type png)
<use t1-loadratio.png>
Package pdftex.def Info: t1-loadratio.png  used on input line 377.
(pdftex.def)             Requested size: 258.0pt x 273.35188pt.

Overfull \hbox (6.0pt too wide) in paragraph at lines 377--378
 [][] 
 []

[4] [5 <./t1-loadratio.png>]
<t2-windrate0.1.png, id=33, 632.3625pt x 474.27188pt>
File: t2-windrate0.1.png Graphic file (type png)
<use t2-windrate0.1.png>
Package pdftex.def Info: t2-windrate0.1.png  used on input line 500.
(pdftex.def)             Requested size: 258.0pt x 193.5047pt.

Overfull \hbox (6.0pt too wide) in paragraph at lines 500--501
 [][] 
 []

<t2-br-wr0.1.png, id=34, 774.7344pt x 593.0958pt>
File: t2-br-wr0.1.png Graphic file (type png)
<use t2-br-wr0.1.png>
Package pdftex.def Info: t2-br-wr0.1.png  used on input line 507.
(pdftex.def)             Requested size: 258.0pt x 197.5141pt.

Overfull \hbox (6.0pt too wide) in paragraph at lines 507--508
 [][] 
 []

<t2-windrate0.25.png, id=35, 632.3625pt x 474.27188pt>
File: t2-windrate0.25.png Graphic file (type png)
<use t2-windrate0.25.png>
Package pdftex.def Info: t2-windrate0.25.png  used on input line 514.
(pdftex.def)             Requested size: 258.0pt x 193.5047pt.

Overfull \hbox (6.0pt too wide) in paragraph at lines 514--515
 [][] 
 []

<t2-br-wr0.25.png, id=36, 774.7344pt x 593.0958pt>
File: t2-br-wr0.25.png Graphic file (type png)
<use t2-br-wr0.25.png>
Package pdftex.def Info: t2-br-wr0.25.png  used on input line 522.
(pdftex.def)             Requested size: 258.0pt x 197.5141pt.

Overfull \hbox (6.0pt too wide) in paragraph at lines 522--523
 [][] 
 []

<t2-windrate0.5.png, id=37, 632.3625pt x 474.27188pt>
File: t2-windrate0.5.png Graphic file (type png)
<use t2-windrate0.5.png>
Package pdftex.def Info: t2-windrate0.5.png  used on input line 529.
(pdftex.def)             Requested size: 258.0pt x 193.5047pt.

Overfull \hbox (6.0pt too wide) in paragraph at lines 529--530
 [][] 
 []

<t2-br-wr0.5.png, id=38, 774.7344pt x 593.0958pt>
File: t2-br-wr0.5.png Graphic file (type png)
<use t2-br-wr0.5.png>
Package pdftex.def Info: t2-br-wr0.5.png  used on input line 536.
(pdftex.def)             Requested size: 258.0pt x 197.5141pt.

Overfull \hbox (6.0pt too wide) in paragraph at lines 536--537
 [][] 
 []

<t2-difwr.png, id=39, 774.7344pt x 593.0958pt>
File: t2-difwr.png Graphic file (type png)
<use t2-difwr.png>
Package pdftex.def Info: t2-difwr.png  used on input line 549.
(pdftex.def)             Requested size: 258.0pt x 197.5141pt.

Overfull \hbox (6.0pt too wide) in paragraph at lines 549--550
 [][] 
 []


Underfull \vbox (badness 1701) has occurred while \output is active []

 [6 <./t2-windrate0.1.png (PNG copy)> <./t2-br-wr0.1.png> <./t2-windrate0.25.pn
g (PNG copy)>] [7 <./t2-br-wr0.25.png> <./t2-windrate0.5.png (PNG copy)> <./t2-
br-wr0.5.png> <./t2-difwr.png>] [8]
<t3-opt.png, id=54, 1139.25626pt x 510.90875pt>
File: t3-opt.png Graphic file (type png)
<use t3-opt.png>
Package pdftex.def Info: t3-opt.png  used on input line 675.
(pdftex.def)             Requested size: 258.0pt x 115.6979pt.

Overfull \hbox (6.0pt too wide) in paragraph at lines 675--676
 [][] 
 []

<t3-wr0.1.png, id=55, 632.3625pt x 474.27188pt>
File: t3-wr0.1.png Graphic file (type png)
<use t3-wr0.1.png>
Package pdftex.def Info: t3-wr0.1.png  used on input line 684.
(pdftex.def)             Requested size: 258.0pt x 193.5047pt.

Overfull \hbox (6.0pt too wide) in paragraph at lines 684--685
 [][] 
 []

<t3-br-wr0.1.png, id=56, 774.7344pt x 593.0958pt>
File: t3-br-wr0.1.png Graphic file (type png)
<use t3-br-wr0.1.png>
Package pdftex.def Info: t3-br-wr0.1.png  used on input line 694.
(pdftex.def)             Requested size: 258.0pt x 197.5141pt.

Overfull \hbox (6.0pt too wide) in paragraph at lines 694--695
 [][] 
 []

<t3-SOC-wr0.1.png, id=57, 774.7344pt x 593.0958pt>
File: t3-SOC-wr0.1.png Graphic file (type png)
<use t3-SOC-wr0.1.png>
Package pdftex.def Info: t3-SOC-wr0.1.png  used on input line 701.
(pdftex.def)             Requested size: 258.0pt x 197.5141pt.

Overfull \hbox (6.0pt too wide) in paragraph at lines 701--702
 [][] 
 []

<t3-wr0.25.png, id=58, 632.3625pt x 474.27188pt>
File: t3-wr0.25.png Graphic file (type png)
<use t3-wr0.25.png>
Package pdftex.def Info: t3-wr0.25.png  used on input line 711.
(pdftex.def)             Requested size: 258.0pt x 193.5047pt.

Overfull \hbox (6.0pt too wide) in paragraph at lines 711--712
 [][] 
 []

<t3-br-wr0.25.png, id=59, 774.7344pt x 593.0958pt>
File: t3-br-wr0.25.png Graphic file (type png)
<use t3-br-wr0.25.png>
Package pdftex.def Info: t3-br-wr0.25.png  used on input line 718.
(pdftex.def)             Requested size: 258.0pt x 197.5141pt.

Overfull \hbox (6.0pt too wide) in paragraph at lines 718--719
 [][] 
 []

<t3-wr0.5.png, id=60, 632.3625pt x 474.27188pt>
File: t3-wr0.5.png Graphic file (type png)
<use t3-wr0.5.png>
Package pdftex.def Info: t3-wr0.5.png  used on input line 725.
(pdftex.def)             Requested size: 258.0pt x 193.5047pt.

Overfull \hbox (6.0pt too wide) in paragraph at lines 725--726
 [][] 
 []

<t3-br-wr0.5.png, id=61, 774.7344pt x 593.0958pt>
File: t3-br-wr0.5.png Graphic file (type png)
<use t3-br-wr0.5.png>
Package pdftex.def Info: t3-br-wr0.5.png  used on input line 732.
(pdftex.def)             Requested size: 258.0pt x 197.5141pt.

Overfull \hbox (6.0pt too wide) in paragraph at lines 732--733
 [][] 
 []

<t3-SOC.png, id=62, 774.7344pt x 593.0958pt>
File: t3-SOC.png Graphic file (type png)
<use t3-SOC.png>
Package pdftex.def Info: t3-SOC.png  used on input line 739.
(pdftex.def)             Requested size: 258.0pt x 197.5141pt.

Overfull \hbox (6.0pt too wide) in paragraph at lines 739--740
 [][] 
 []

[9 <./t3-opt.png (PNG copy)> <./t3-wr0.1.png (PNG copy)> <./t3-br-wr0.1.png> <.
/t3-SOC-wr0.1.png>] [10 <./t3-wr0.25.png (PNG copy)> <./t3-br-wr0.25.png> <./t3
-wr0.5.png (PNG copy)> <./t3-br-wr0.5.png>]
<t3-opt-noESS.png, id=73, 1073.00874pt x 525.965pt>
File: t3-opt-noESS.png Graphic file (type png)
<use t3-opt-noESS.png>
Package pdftex.def Info: t3-opt-noESS.png  used on input line 771.
(pdftex.def)             Requested size: 258.0pt x 126.4589pt.

Overfull \hbox (6.0pt too wide) in paragraph at lines 771--772
 [][] 
 []

[11

 <./t3-SOC.png> <./t3-opt-noESS.png (PNG copy)>] (./Lab2-latex.aux)

LaTeX Warning: There were multiply-defined labels.

 ) 
Here is how much of TeX's memory you used:
 8483 strings out of 478268
 140762 string characters out of 5844358
 629062 words of memory out of 5000000
 26551 multiletter control sequences out of 15000+600000
 509280 words of font info for 107 fonts, out of 8000000 for 9000
 1145 hyphenation exceptions out of 8191
 60i,10n,67p,878b,1747s stack positions out of 10000i,1000n,20000p,200000b,200000s
{d:/Application/texlive/2022/texmf-dist/fonts/enc/dvips/base/8r.enc}<d:/Appli
cation/texlive/2022/texmf-dist/fonts/type1/public/amsfonts/cm/cmex10.pfb><d:/Ap
plication/texlive/2022/texmf-dist/fonts/type1/public/amsfonts/cm/cmmi10.pfb><d:
/Application/texlive/2022/texmf-dist/fonts/type1/public/amsfonts/cm/cmmi7.pfb><
d:/Application/texlive/2022/texmf-dist/fonts/type1/public/amsfonts/cm/cmr10.pfb
><d:/Application/texlive/2022/texmf-dist/fonts/type1/public/amsfonts/cm/cmr7.pf
b><d:/Application/texlive/2022/texmf-dist/fonts/type1/public/amsfonts/cm/cmsy10
.pfb><d:/Application/texlive/2022/texmf-dist/fonts/type1/public/amsfonts/cm/cms
y5.pfb><d:/Application/texlive/2022/texmf-dist/fonts/type1/urw/courier/ucrr8a.p
fb><d:/Application/texlive/2022/texmf-dist/fonts/type1/urw/times/utmb8a.pfb><d:
/Application/texlive/2022/texmf-dist/fonts/type1/urw/times/utmbi8a.pfb><d:/Appl
ication/texlive/2022/texmf-dist/fonts/type1/urw/times/utmr8a.pfb><d:/Applicatio
n/texlive/2022/texmf-dist/fonts/type1/urw/times/utmri8a.pfb>
Output written on Lab2-latex.pdf (11 pages, 2393170 bytes).
PDF statistics:
 130 PDF objects out of 1000 (max. 8388607)
 63 compressed objects within 1 object stream
 0 named destinations out of 1000 (max. 500000)
 101 words of extra memory for PDF output out of 10000 (max. 10000000)

